android/app/build/intermediates/manifest_merge_blame_file/release/manifest-merger-blame-release-report.txt
1<?xml version="1.0" encoding="utf-8"?>
2<manifest xmlns:android="http://schemas.android.com/apk/res/android"
3    package="com.dexmobile.app"
4    android:versionCode="2"
5    android:versionName="5.2.0" >
6
7    <uses-sdk
8        android:minSdkVersion="23"
8-->src/main/AndroidManifest.xml
9        android:targetSdkVersion="34" />
9-->src/main/AndroidManifest.xml
10
11    <!-- Permissions -->
12
13    <uses-permission android:name="android.permission.INTERNET" />
13-->src/main/AndroidManifest.xml:40:5-67
13-->src/main/AndroidManifest.xml:40:22-64
14    <!-- Bluetooth -->
15    <uses-permission android:name="android.permission.ACCESS_COARSE_LOCATION" />
15-->[:capacitor-community-bluetooth-le] AndroidManifest.xml:8:5-81
15-->[:capacitor-community-bluetooth-le] AndroidManifest.xml:8:22-78
16    <uses-permission android:name="android.permission.ACCESS_FINE_LOCATION" />
16-->[:capacitor-community-bluetooth-le] AndroidManifest.xml:9:5-79
16-->[:capacitor-community-bluetooth-le] AndroidManifest.xml:9:22-76
17    <uses-permission
17-->[:capacitor-community-bluetooth-le] AndroidManifest.xml:10:5-12:38
18        android:name="android.permission.BLUETOOTH"
18-->[:capacitor-community-bluetooth-le] AndroidManifest.xml:11:9-52
19        android:maxSdkVersion="30" />
19-->[:capacitor-community-bluetooth-le] AndroidManifest.xml:12:9-35
20    <uses-permission
20-->[:capacitor-community-bluetooth-le] AndroidManifest.xml:13:5-15:38
21        android:name="android.permission.BLUETOOTH_ADMIN"
21-->[:capacitor-community-bluetooth-le] AndroidManifest.xml:14:9-58
22        android:maxSdkVersion="30" />
22-->[:capacitor-community-bluetooth-le] AndroidManifest.xml:15:9-35
23    <uses-permission android:name="android.permission.BLUETOOTH_SCAN" />
23-->[:capacitor-community-bluetooth-le] AndroidManifest.xml:16:5-18:31
23-->[:capacitor-community-bluetooth-le] AndroidManifest.xml:17:9-57
24    <uses-permission android:name="android.permission.BLUETOOTH_CONNECT" />
24-->[:capacitor-community-bluetooth-le] AndroidManifest.xml:19:5-21:31
24-->[:capacitor-community-bluetooth-le] AndroidManifest.xml:20:9-60
25
26    <uses-feature
26-->[:capacitor-community-bluetooth-le] AndroidManifest.xml:23:5-25:36
27        android:name="android.hardware.bluetooth_le"
27-->[:capacitor-community-bluetooth-le] AndroidManifest.xml:24:9-53
28        android:required="false" />
28-->[:capacitor-community-bluetooth-le] AndroidManifest.xml:25:9-33
29
30    <queries>
30-->[:capacitor-camera] AndroidManifest.xml:7:5-11:15
31        <intent>
31-->[:capacitor-camera] AndroidManifest.xml:8:9-10:18
32            <action android:name="android.media.action.IMAGE_CAPTURE" />
32-->[:capacitor-camera] AndroidManifest.xml:9:13-73
32-->[:capacitor-camera] AndroidManifest.xml:9:21-70
33        </intent>
34    </queries>
35
36    <permission
36-->[androidx.core:core:1.13.0] AndroidManifest.xml:22:5-24:47
37        android:name="com.dexmobile.app.DYNAMIC_RECEIVER_NOT_EXPORTED_PERMISSION"
37-->[androidx.core:core:1.13.0] AndroidManifest.xml:23:9-81
38        android:protectionLevel="signature" />
38-->[androidx.core:core:1.13.0] AndroidManifest.xml:24:9-44
39
40    <uses-permission android:name="com.dexmobile.app.DYNAMIC_RECEIVER_NOT_EXPORTED_PERMISSION" />
40-->[androidx.core:core:1.13.0] AndroidManifest.xml:26:5-97
40-->[androidx.core:core:1.13.0] AndroidManifest.xml:26:22-94
41
42    <application
42-->src/main/AndroidManifest.xml:4:5-36:19
43        android:allowBackup="true"
43-->src/main/AndroidManifest.xml:5:9-35
44        android:appComponentFactory="androidx.core.app.CoreComponentFactory"
44-->[androidx.core:core:1.13.0] AndroidManifest.xml:28:18-86
45        android:extractNativeLibs="false"
46        android:icon="@mipmap/ic_launcher"
46-->src/main/AndroidManifest.xml:6:9-43
47        android:label="@string/app_name"
47-->src/main/AndroidManifest.xml:7:9-41
48        android:roundIcon="@mipmap/ic_launcher_round"
48-->src/main/AndroidManifest.xml:8:9-54
49        android:supportsRtl="true"
49-->src/main/AndroidManifest.xml:9:9-35
50        android:theme="@style/AppTheme" >
50-->src/main/AndroidManifest.xml:10:9-40
51        <activity
51-->src/main/AndroidManifest.xml:12:9-25:20
52            android:name="com.dexmobile.app.MainActivity"
52-->src/main/AndroidManifest.xml:14:13-41
53            android:configChanges="orientation|keyboardHidden|keyboard|screenSize|locale|smallestScreenSize|screenLayout|uiMode|navigation"
53-->src/main/AndroidManifest.xml:13:13-140
54            android:exported="true"
54-->src/main/AndroidManifest.xml:18:13-36
55            android:label="@string/title_activity_main"
55-->src/main/AndroidManifest.xml:15:13-56
56            android:launchMode="singleTask"
56-->src/main/AndroidManifest.xml:17:13-44
57            android:theme="@style/AppTheme.NoActionBarLaunch" >
57-->src/main/AndroidManifest.xml:16:13-62
58            <intent-filter>
58-->src/main/AndroidManifest.xml:20:13-23:29
59                <action android:name="android.intent.action.MAIN" />
59-->src/main/AndroidManifest.xml:21:17-69
59-->src/main/AndroidManifest.xml:21:25-66
60
61                <category android:name="android.intent.category.LAUNCHER" />
61-->src/main/AndroidManifest.xml:22:17-77
61-->src/main/AndroidManifest.xml:22:27-74
62            </intent-filter>
63        </activity>
64
65        <provider
66            android:name="androidx.core.content.FileProvider"
66-->src/main/AndroidManifest.xml:28:13-62
67            android:authorities="com.dexmobile.app.fileprovider"
67-->src/main/AndroidManifest.xml:29:13-64
68            android:exported="false"
68-->src/main/AndroidManifest.xml:30:13-37
69            android:grantUriPermissions="true" >
69-->src/main/AndroidManifest.xml:31:13-47
70            <meta-data
70-->src/main/AndroidManifest.xml:32:13-34:64
71                android:name="android.support.FILE_PROVIDER_PATHS"
71-->src/main/AndroidManifest.xml:33:17-67
72                android:resource="@xml/file_paths" />
72-->src/main/AndroidManifest.xml:34:17-51
73        </provider>
74        <provider
74-->[androidx.emoji2:emoji2:1.2.0] AndroidManifest.xml:24:9-32:20
75            android:name="androidx.startup.InitializationProvider"
75-->[androidx.emoji2:emoji2:1.2.0] AndroidManifest.xml:25:13-67
76            android:authorities="com.dexmobile.app.androidx-startup"
76-->[androidx.emoji2:emoji2:1.2.0] AndroidManifest.xml:26:13-68
77            android:exported="false" >
77-->[androidx.emoji2:emoji2:1.2.0] AndroidManifest.xml:27:13-37
78            <meta-data
78-->[androidx.emoji2:emoji2:1.2.0] AndroidManifest.xml:29:13-31:52
79                android:name="androidx.emoji2.text.EmojiCompatInitializer"
79-->[androidx.emoji2:emoji2:1.2.0] AndroidManifest.xml:30:17-75
80                android:value="androidx.startup" />
80-->[androidx.emoji2:emoji2:1.2.0] AndroidManifest.xml:31:17-49
81            <meta-data
81-->[androidx.lifecycle:lifecycle-process:2.6.2] AndroidManifest.xml:29:13-31:52
82                android:name="androidx.lifecycle.ProcessLifecycleInitializer"
82-->[androidx.lifecycle:lifecycle-process:2.6.2] AndroidManifest.xml:30:17-78
83                android:value="androidx.startup" />
83-->[androidx.lifecycle:lifecycle-process:2.6.2] AndroidManifest.xml:31:17-49
84            <meta-data
84-->[androidx.profileinstaller:profileinstaller:1.3.0] AndroidManifest.xml:29:13-31:52
85                android:name="androidx.profileinstaller.ProfileInstallerInitializer"
85-->[androidx.profileinstaller:profileinstaller:1.3.0] AndroidManifest.xml:30:17-85
86                android:value="androidx.startup" />
86-->[androidx.profileinstaller:profileinstaller:1.3.0] AndroidManifest.xml:31:17-49
87        </provider>
88
89        <receiver
89-->[androidx.profileinstaller:profileinstaller:1.3.0] AndroidManifest.xml:34:9-52:20
90            android:name="androidx.profileinstaller.ProfileInstallReceiver"
90-->[androidx.profileinstaller:profileinstaller:1.3.0] AndroidManifest.xml:35:13-76
91            android:directBootAware="false"
91-->[androidx.profileinstaller:profileinstaller:1.3.0] AndroidManifest.xml:36:13-44
92            android:enabled="true"
92-->[androidx.profileinstaller:profileinstaller:1.3.0] AndroidManifest.xml:37:13-35
93            android:exported="true"
93-->[androidx.profileinstaller:profileinstaller:1.3.0] AndroidManifest.xml:38:13-36
94            android:permission="android.permission.DUMP" >
94-->[androidx.profileinstaller:profileinstaller:1.3.0] AndroidManifest.xml:39:13-57
95            <intent-filter>
95-->[androidx.profileinstaller:profileinstaller:1.3.0] AndroidManifest.xml:40:13-42:29
96                <action android:name="androidx.profileinstaller.action.INSTALL_PROFILE" />
96-->[androidx.profileinstaller:profileinstaller:1.3.0] AndroidManifest.xml:41:17-91
96-->[androidx.profileinstaller:profileinstaller:1.3.0] AndroidManifest.xml:41:25-88
97            </intent-filter>
98            <intent-filter>
98-->[androidx.profileinstaller:profileinstaller:1.3.0] AndroidManifest.xml:43:13-45:29
99                <action android:name="androidx.profileinstaller.action.SKIP_FILE" />
99-->[androidx.profileinstaller:profileinstaller:1.3.0] AndroidManifest.xml:44:17-85
99-->[androidx.profileinstaller:profileinstaller:1.3.0] AndroidManifest.xml:44:25-82
100            </intent-filter>
101            <intent-filter>
101-->[androidx.profileinstaller:profileinstaller:1.3.0] AndroidManifest.xml:46:13-48:29
102                <action android:name="androidx.profileinstaller.action.SAVE_PROFILE" />
102-->[androidx.profileinstaller:profileinstaller:1.3.0] AndroidManifest.xml:47:17-88
102-->[androidx.profileinstaller:profileinstaller:1.3.0] AndroidManifest.xml:47:25-85
103            </intent-filter>
104            <intent-filter>
104-->[androidx.profileinstaller:profileinstaller:1.3.0] AndroidManifest.xml:49:13-51:29
105                <action android:name="androidx.profileinstaller.action.BENCHMARK_OPERATION" />
105-->[androidx.profileinstaller:profileinstaller:1.3.0] AndroidManifest.xml:50:17-95
105-->[androidx.profileinstaller:profileinstaller:1.3.0] AndroidManifest.xml:50:25-92
106            </intent-filter>
107        </receiver>
108    </application>
109
110</manifest>